TN:
SF:src/modules/accounts/useCases/autenticateUser/AuthenticateUserController.ts
FN:7,(anonymous_13)
FN:8,(anonymous_15)
FNF:2
FNH:2
FNDA:4,(anonymous_13)
FNDA:3,(anonymous_15)
DA:1,2
DA:3,2
DA:5,2
DA:7,2
DA:8,2
DA:9,3
DA:10,3
DA:12,3
DA:17,3
DA:19,2
DA:21,2
LF:11
LH:11
BRF:0
BRH:0
end_of_record
TN:
SF:src/modules/accounts/useCases/autenticateUser/AuthenticateUserUseCase.ts
FN:26,(anonymous_18)
FN:27,AuthenticateUserUseCase
FN:36,(anonymous_20)
FNF:3
FNH:3
FNDA:3,(anonymous_18)
FNDA:6,AuthenticateUserUseCase
FNDA:6,(anonymous_20)
DA:1,3
DA:2,3
DA:3,3
DA:5,3
DA:7,3
DA:26,3
DA:29,6
DA:31,6
DA:33,6
DA:36,6
DA:37,6
DA:39,6
DA:46,6
DA:47,1
DA:50,5
DA:51,5
DA:52,1
DA:55,4
DA:60,4
DA:65,4
DA:69,8
DA:76,4
DA:85,4
DA:87,3
DA:89,3
LF:25
LH:25
BRDA:37,0,0,6
BRDA:46,1,0,1
BRDA:46,1,1,5
BRDA:51,2,0,1
BRDA:51,2,1,4
BRF:5
BRH:5
end_of_record
TN:
SF:src/modules/accounts/useCases/createUser/CreateUserController.ts
FN:6,(anonymous_13)
FN:7,(anonymous_15)
FNF:2
FNH:1
FNDA:4,(anonymous_13)
FNDA:0,(anonymous_15)
DA:2,2
DA:4,2
DA:6,2
DA:7,2
DA:8,0
DA:9,0
DA:11,0
DA:18,0
DA:20,2
DA:22,2
LF:10
LH:6
BRF:0
BRH:0
end_of_record
TN:
SF:src/modules/accounts/useCases/createUser/CreateUserUseCase.ts
FN:13,(anonymous_17)
FN:14,CreateUserUseCase
FN:19,(anonymous_19)
FNF:3
FNH:3
FNDA:3,(anonymous_17)
FNDA:3,CreateUserUseCase
FNDA:2,(anonymous_19)
DA:1,3
DA:2,3
DA:8,3
DA:13,3
DA:16,3
DA:19,3
DA:20,2
DA:21,2
DA:22,2
DA:23,2
DA:25,2
DA:27,2
DA:28,0
DA:31,2
DA:33,4
DA:40,3
DA:42,3
LF:17
LH:16
BRDA:25,0,0,2
BRDA:27,1,0,0
BRDA:27,1,1,2
BRF:3
BRH:2
end_of_record
TN:
SF:src/modules/accounts/useCases/refreshToken/RefreshTokenController.ts
FN:6,(anonymous_13)
FN:7,(anonymous_15)
FNF:2
FNH:1
FNDA:4,(anonymous_13)
FNDA:0,(anonymous_15)
DA:2,2
DA:4,2
DA:6,2
DA:7,2
DA:8,0
DA:13,0
DA:15,0
DA:17,0
DA:19,2
DA:21,2
LF:10
LH:6
BRDA:9,0,0,0
BRDA:9,0,1,0
BRDA:9,0,2,0
BRF:3
BRH:0
end_of_record
TN:
SF:src/modules/accounts/useCases/refreshToken/RefreshTokenUseCase.ts
FN:14,(anonymous_18)
FN:15,RefreshTokenUseCase
FN:21,(anonymous_20)
FNF:3
FNH:1
FNDA:2,(anonymous_18)
FNDA:0,RefreshTokenUseCase
FNDA:0,(anonymous_20)
DA:1,2
DA:2,2
DA:4,2
DA:6,2
DA:14,2
DA:17,0
DA:19,0
DA:21,2
DA:22,0
DA:24,0
DA:26,0
DA:31,0
DA:32,0
DA:35,0
DA:37,0
DA:42,0
DA:46,0
DA:52,0
DA:54,2
DA:56,2
LF:20
LH:8
BRDA:31,0,0,0
BRDA:31,0,1,0
BRF:2
BRH:0
end_of_record
TN:
SF:src/modules/accounts/useCases/resetPasswordUser/ResetPasswordUserController.ts
FN:6,(anonymous_13)
FN:7,(anonymous_15)
FNF:2
FNH:1
FNDA:4,(anonymous_13)
FNDA:0,(anonymous_15)
DA:2,2
DA:4,2
DA:6,2
DA:7,2
DA:8,0
DA:9,0
DA:11,0
DA:12,0
DA:13,0
DA:15,2
DA:17,2
LF:11
LH:6
BRF:0
BRH:0
end_of_record
TN:
SF:src/modules/accounts/useCases/resetPasswordUser/ResetPasswordUserUseCase.ts
FN:15,(anonymous_17)
FN:16,ResetPasswordUserUseCase
FN:24,(anonymous_19)
FNF:3
FNH:1
FNDA:2,(anonymous_17)
FNDA:0,ResetPasswordUserUseCase
FNDA:0,(anonymous_19)
DA:1,2
DA:2,2
DA:5,2
DA:15,2
DA:18,0
DA:20,0
DA:22,0
DA:24,2
DA:25,0
DA:29,0
DA:30,0
DA:33,0
DA:39,0
DA:42,0
DA:43,0
DA:45,0
DA:46,0
DA:48,2
DA:50,2
LF:19
LH:7
BRDA:25,0,0,0
BRDA:29,1,0,0
BRDA:29,1,1,0
BRDA:33,2,0,0
BRDA:33,2,1,0
BRF:5
BRH:0
end_of_record
TN:
SF:src/modules/accounts/useCases/sendForgottenPasswordMail/SendForgottenPasswordMailController.ts
FN:6,(anonymous_13)
FN:7,(anonymous_15)
FNF:2
FNH:1
FNDA:4,(anonymous_13)
FNDA:0,(anonymous_15)
DA:2,2
DA:4,2
DA:6,2
DA:7,2
DA:8,0
DA:9,0
DA:13,0
DA:15,0
DA:17,2
DA:19,2
LF:10
LH:6
BRF:0
BRH:0
end_of_record
TN:
SF:src/modules/accounts/useCases/sendForgottenPasswordMail/SendForgottenPasswordMailUseCase.ts
FN:12,(anonymous_17)
FN:13,SendForgottenPasswordMailUseCase
FN:23,(anonymous_19)
FNF:3
FNH:3
FNDA:3,(anonymous_17)
FNDA:3,SendForgottenPasswordMailUseCase
FNDA:3,(anonymous_19)
DA:1,3
DA:2,3
DA:3,3
DA:7,3
DA:12,3
DA:15,3
DA:17,3
DA:19,3
DA:21,3
DA:23,3
DA:24,3
DA:25,3
DA:34,3
DA:35,1
DA:38,2
DA:40,2
DA:41,4
DA:47,2
DA:52,4
DA:59,3
DA:61,3
LF:21
LH:21
BRDA:24,0,0,3
BRDA:34,1,0,1
BRDA:34,1,1,2
BRF:3
BRH:3
end_of_record
TN:
SF:src/modules/accounts/useCases/updateUserAvatar/UpdateUserAvatarController.ts
FN:6,(anonymous_13)
FN:7,(anonymous_15)
FNF:2
FNH:1
FNDA:4,(anonymous_13)
FNDA:0,(anonymous_15)
DA:2,2
DA:4,2
DA:6,2
DA:7,2
DA:8,0
DA:10,0
DA:12,0
DA:13,0
DA:15,0
DA:17,2
DA:19,2
LF:11
LH:6
BRF:0
BRH:0
end_of_record
TN:
SF:src/modules/accounts/useCases/updateUserAvatar/UpdateUserAvatarUseCase.ts
FN:11,(anonymous_17)
FN:12,UpdateUserAvatarUseCase
FN:17,(anonymous_19)
FNF:3
FNH:1
FNDA:2,(anonymous_17)
FNDA:0,UpdateUserAvatarUseCase
FNDA:0,(anonymous_19)
DA:1,2
DA:3,2
DA:11,2
DA:14,0
DA:17,2
DA:18,0
DA:20,0
DA:21,0
DA:24,0
DA:26,0
DA:28,2
DA:30,2
LF:12
LH:6
BRDA:18,0,0,0
BRDA:20,1,0,0
BRDA:20,1,1,0
BRF:3
BRH:0
end_of_record
TN:
SF:src/modules/car/useCases/CreateCar/CreateCarController.ts
FN:6,(anonymous_13)
FN:7,(anonymous_15)
FNF:2
FNH:1
FNDA:4,(anonymous_13)
FNDA:0,(anonymous_15)
DA:2,2
DA:4,2
DA:6,2
DA:7,2
DA:8,0
DA:17,0
DA:19,0
DA:29,0
DA:31,2
DA:33,2
LF:10
LH:6
BRF:0
BRH:0
end_of_record
TN:
SF:src/modules/car/useCases/CreateCar/CreatecarUseCase.ts
FN:22,(anonymous_17)
FN:23,CreateCarUseCase
FN:28,(anonymous_19)
FNF:3
FNH:3
FNDA:3,(anonymous_17)
FNDA:3,CreateCarUseCase
FNDA:4,(anonymous_19)
DA:1,3
DA:7,3
DA:22,3
DA:25,3
DA:28,3
DA:29,4
DA:30,4
DA:31,4
DA:32,4
DA:33,4
DA:34,4
DA:35,4
DA:37,4
DA:41,4
DA:42,1
DA:45,3
DA:55,3
DA:57,3
DA:59,3
LF:19
LH:19
BRDA:37,0,0,4
BRDA:41,1,0,1
BRDA:41,1,1,3
BRF:3
BRH:3
end_of_record
TN:
SF:src/modules/car/useCases/CreateCarSpecification/CreateCarSpecificationController.ts
FN:6,(anonymous_13)
FN:7,(anonymous_15)
FNF:2
FNH:1
FNDA:4,(anonymous_13)
FNDA:0,(anonymous_15)
DA:2,2
DA:4,2
DA:6,2
DA:7,2
DA:8,0
DA:9,0
DA:10,0
DA:14,0
DA:19,0
DA:21,2
DA:23,2
LF:11
LH:6
BRF:0
BRH:0
end_of_record
TN:
SF:src/modules/car/useCases/CreateCarSpecification/CreateCarSpecificationUseCase.ts
FN:19,(anonymous_17)
FN:20,CreateCarSpecificationUseCase
FN:27,(anonymous_19)
FNF:3
FNH:3
FNDA:3,(anonymous_17)
FNDA:2,CreateCarSpecificationUseCase
FNDA:2,(anonymous_19)
DA:1,3
DA:3,3
DA:19,3
DA:22,2
DA:24,2
DA:27,3
DA:28,2
DA:30,2
DA:31,1
DA:34,1
DA:38,1
DA:40,2
DA:42,1
DA:44,3
DA:46,3
LF:15
LH:15
BRDA:28,0,0,2
BRDA:30,1,0,1
BRDA:30,1,1,1
BRF:3
BRH:3
end_of_record
TN:
SF:src/modules/car/useCases/CreateCategory/CreateCategoryController.ts
FN:7,(anonymous_13)
FN:8,(anonymous_15)
FNF:2
FNH:2
FNDA:4,(anonymous_13)
FNDA:3,(anonymous_15)
DA:1,2
DA:3,2
DA:5,2
DA:7,2
DA:8,2
DA:9,3
DA:10,3
DA:11,6
DA:13,2
DA:15,2
DA:17,2
LF:11
LH:11
BRF:0
BRH:0
end_of_record
TN:
SF:src/modules/car/useCases/CreateCategory/CreateCategoryUseCase.ts
FN:15,(anonymous_17)
FN:16,CreateCategoryUseCase
FN:21,(anonymous_19)
FNF:3
FNH:3
FNDA:3,(anonymous_17)
FNDA:5,CreateCategoryUseCase
FNDA:6,(anonymous_19)
DA:1,3
DA:6,3
DA:15,3
DA:18,5
DA:21,6
DA:22,6
DA:26,6
DA:27,2
DA:30,8
DA:32,3
DA:34,3
LF:11
LH:11
BRDA:22,0,0,6
BRDA:26,1,0,2
BRDA:26,1,1,4
BRF:3
BRH:3
end_of_record
TN:
SF:src/modules/car/useCases/CreateSpecifications/CreateSpecificationUseCase.ts
FN:11,(anonymous_17)
FN:12,CreateSpecificationsUseCase
FN:16,(anonymous_19)
FNF:3
FNH:1
FNDA:2,(anonymous_17)
FNDA:0,CreateSpecificationsUseCase
FNDA:0,(anonymous_19)
DA:1,2
DA:3,2
DA:11,2
DA:14,0
DA:16,2
DA:17,0
DA:20,0
DA:21,0
DA:24,0
DA:29,2
DA:31,2
LF:11
LH:6
BRDA:17,0,0,0
BRDA:20,1,0,0
BRDA:20,1,1,0
BRF:3
BRH:0
end_of_record
TN:
SF:src/modules/car/useCases/CreateSpecifications/CreateSpecificationsController.ts
FN:6,(anonymous_13)
FN:7,(anonymous_15)
FNF:2
FNH:1
FNDA:4,(anonymous_13)
FNDA:0,(anonymous_15)
DA:2,2
DA:4,2
DA:6,2
DA:7,2
DA:8,0
DA:9,0
DA:13,0
DA:14,0
DA:16,2
DA:18,2
LF:10
LH:6
BRF:0
BRH:0
end_of_record
TN:
SF:src/modules/car/useCases/ImportCategoryController/ImportCategoryController.ts
FN:6,(anonymous_13)
FN:7,(anonymous_15)
FNF:2
FNH:1
FNDA:4,(anonymous_13)
FNDA:0,(anonymous_15)
DA:2,2
DA:4,2
DA:6,2
DA:7,2
DA:8,0
DA:9,0
DA:11,0
DA:13,0
DA:15,2
DA:17,2
LF:10
LH:6
BRF:0
BRH:0
end_of_record
TN:
SF:src/modules/car/useCases/ImportCategoryController/ImportCategoryUseCase.ts
FN:13,(anonymous_18)
FN:14,ImportCategoryUseCase
FN:19,(anonymous_20)
FN:20,(anonymous_21)
FN:29,(anonymous_22)
FN:29,(anonymous_23)
FN:36,(anonymous_25)
FN:40,(anonymous_26)
FN:46,(anonymous_27)
FN:49,(anonymous_30)
FN:49,(anonymous_31)
FNF:11
FNH:1
FNDA:2,(anonymous_18)
FNDA:0,ImportCategoryUseCase
FNDA:0,(anonymous_20)
FNDA:0,(anonymous_21)
FNDA:0,(anonymous_22)
FNDA:0,(anonymous_23)
FNDA:0,(anonymous_25)
FNDA:0,(anonymous_26)
FNDA:0,(anonymous_27)
FNDA:0,(anonymous_30)
FNDA:0,(anonymous_31)
DA:1,2
DA:2,2
DA:3,2
DA:13,2
DA:16,0
DA:19,2
DA:20,0
DA:21,0
DA:22,0
DA:24,0
DA:26,0
DA:28,0
DA:29,0
DA:30,0
DA:31,0
DA:37,0
DA:38,0
DA:41,0
DA:46,2
DA:47,0
DA:49,0
DA:50,0
DA:52,0
DA:54,0
DA:55,0
DA:62,2
DA:64,2
LF:27
LH:8
BRDA:47,0,0,0
BRDA:54,1,0,0
BRDA:54,1,1,0
BRF:3
BRH:0
end_of_record
TN:
SF:src/modules/car/useCases/ListAvailableCars/ListAvailableCarsController.ts
FN:6,(anonymous_13)
FN:7,(anonymous_15)
FNF:2
FNH:1
FNDA:4,(anonymous_13)
FNDA:0,(anonymous_15)
DA:2,2
DA:4,2
DA:6,2
DA:7,2
DA:8,0
DA:9,0
DA:13,0
DA:19,0
DA:21,2
DA:22,2
LF:10
LH:6
BRF:0
BRH:0
end_of_record
TN:
SF:src/modules/car/useCases/ListAvailableCars/ListAvailableCarsUseCase.ts
FN:13,(anonymous_17)
FN:14,ListAvailableCarsUseCase
FN:18,(anonymous_19)
FNF:3
FNH:3
FNDA:3,(anonymous_17)
FNDA:4,ListAvailableCarsUseCase
FNDA:4,(anonymous_19)
DA:1,3
DA:13,3
DA:16,4
DA:18,4
DA:19,4
DA:25,4
DA:27,3
DA:29,3
LF:8
LH:8
BRDA:19,0,0,4
BRF:1
BRH:1
end_of_record
TN:
SF:src/modules/car/useCases/ListCategory/ListCategoriesController.ts
FN:6,(anonymous_13)
FN:7,(anonymous_15)
FNF:2
FNH:2
FNDA:4,(anonymous_13)
FNDA:1,(anonymous_15)
DA:2,2
DA:4,2
DA:6,2
DA:7,2
DA:8,1
DA:9,1
DA:11,1
DA:13,2
DA:15,2
LF:9
LH:9
BRF:0
BRH:0
end_of_record
TN:
SF:src/modules/car/useCases/ListCategory/ListCategoryUseCase.ts
FN:7,(anonymous_17)
FN:8,ListCategoriesUseCase
FN:13,(anonymous_19)
FNF:3
FNH:3
FNDA:2,(anonymous_17)
FNDA:1,ListCategoriesUseCase
FNDA:1,(anonymous_19)
DA:1,2
DA:7,2
DA:10,1
DA:13,2
DA:14,1
DA:16,1
DA:18,2
DA:20,2
LF:8
LH:8
BRDA:14,0,0,1
BRF:1
BRH:1
end_of_record
TN:
SF:src/modules/car/useCases/uploadCarImages/UploadCarImagesController.ts
FN:9,(anonymous_13)
FN:10,(anonymous_15)
FN:16,(anonymous_18)
FNF:3
FNH:1
FNDA:4,(anonymous_13)
FNDA:0,(anonymous_15)
FNDA:0,(anonymous_18)
DA:2,2
DA:4,2
DA:9,2
DA:10,2
DA:11,0
DA:12,0
DA:14,0
DA:16,0
DA:18,0
DA:23,0
DA:25,2
DA:27,2
LF:12
LH:6
BRF:0
BRH:0
end_of_record
TN:
SF:src/modules/car/useCases/uploadCarImages/UploadCarImagesUseCase.ts
FN:10,(anonymous_17)
FN:11,UploadCarImagesUseCase
FN:15,(anonymous_19)
FN:16,(anonymous_22)
FN:16,(anonymous_23)
FNF:5
FNH:1
FNDA:2,(anonymous_17)
FNDA:0,UploadCarImagesUseCase
FNDA:0,(anonymous_19)
FNDA:0,(anonymous_22)
FNDA:0,(anonymous_23)
DA:1,2
DA:10,2
DA:13,0
DA:15,2
DA:16,0
DA:17,0
DA:20,2
DA:22,2
LF:8
LH:5
BRDA:17,0,0,0
BRF:1
BRH:0
end_of_record
TN:
SF:src/modules/rentals/useCases/createRental/CreateRentalController.ts
FN:6,(anonymous_13)
FN:7,(anonymous_15)
FNF:2
FNH:1
FNDA:4,(anonymous_13)
FNDA:0,(anonymous_15)
DA:2,2
DA:4,2
DA:6,2
DA:7,2
DA:8,0
DA:9,0
DA:10,0
DA:12,0
DA:17,0
DA:19,2
DA:21,2
LF:11
LH:6
BRF:0
BRH:0
end_of_record
TN:
SF:src/modules/rentals/useCases/createRental/CreateRentalUseCase.ts
FN:15,(anonymous_17)
FN:16,CreateRentalUseCase
FN:24,(anonymous_19)
FNF:3
FNH:3
FNDA:3,(anonymous_17)
FNDA:4,CreateRentalUseCase
FNDA:4,(anonymous_19)
DA:1,3
DA:4,3
DA:15,3
DA:18,4
DA:20,4
DA:22,4
DA:24,3
DA:25,4
DA:26,4
DA:27,4
DA:29,4
DA:31,4
DA:35,4
DA:36,1
DA:40,3
DA:44,3
DA:45,1
DA:48,2
DA:49,2
DA:54,2
DA:55,1
DA:57,1
DA:62,2
DA:63,1
DA:65,3
DA:67,3
LF:26
LH:26
BRDA:35,0,0,1
BRDA:35,0,1,3
BRDA:44,1,0,1
BRDA:44,1,1,2
BRDA:54,2,0,1
BRDA:54,2,1,1
BRF:6
BRH:6
end_of_record
TN:
SF:src/modules/rentals/useCases/devolutionRental/DevolutionRentalController.ts
FN:6,(anonymous_13)
FN:7,(anonymous_15)
FNF:2
FNH:1
FNDA:4,(anonymous_13)
FNDA:0,(anonymous_15)
DA:2,2
DA:4,2
DA:6,2
DA:7,2
DA:8,0
DA:9,0
DA:11,0
DA:12,0
DA:17,0
DA:19,2
DA:21,2
LF:11
LH:6
BRF:0
BRH:0
end_of_record
TN:
SF:src/modules/rentals/useCases/devolutionRental/DevolutionRentalUseCase.ts
FN:14,(anonymous_17)
FN:15,DevolutionRentalUseCase
FN:24,(anonymous_19)
FNF:3
FNH:1
FNDA:2,(anonymous_17)
FNDA:0,DevolutionRentalUseCase
FNDA:0,(anonymous_19)
DA:1,2
DA:4,2
DA:14,2
DA:17,0
DA:19,0
DA:21,0
DA:24,2
DA:25,0
DA:27,0
DA:29,0
DA:30,0
DA:31,0
DA:35,0
DA:36,0
DA:41,0
DA:42,0
DA:45,0
DA:50,0
DA:51,0
DA:52,0
DA:53,0
DA:56,0
DA:58,0
DA:59,0
DA:61,0
DA:62,0
DA:64,0
DA:66,2
DA:68,2
LF:29
LH:6
BRDA:25,0,0,0
BRDA:30,1,0,0
BRDA:30,1,1,0
BRDA:41,2,0,0
BRDA:41,2,1,0
BRDA:51,3,0,0
BRDA:51,3,1,0
BRF:7
BRH:0
end_of_record
TN:
SF:src/modules/rentals/useCases/listRentalsByUser/ListRentalsByUserController.ts
FN:6,(anonymous_13)
FN:7,(anonymous_15)
FNF:2
FNH:1
FNDA:4,(anonymous_13)
FNDA:0,(anonymous_15)
DA:2,2
DA:4,2
DA:6,2
DA:7,2
DA:8,0
DA:9,0
DA:11,0
DA:13,0
DA:15,2
DA:17,2
LF:10
LH:6
BRF:0
BRH:0
end_of_record
TN:
SF:src/modules/rentals/useCases/listRentalsByUser/ListRentalsByUserUseCase.ts
FN:7,(anonymous_17)
FN:8,ListRentalByUserUseCase
FN:12,(anonymous_19)
FNF:3
FNH:1
FNDA:2,(anonymous_17)
FNDA:0,ListRentalByUserUseCase
FNDA:0,(anonymous_19)
DA:1,2
DA:7,2
DA:10,0
DA:12,2
DA:13,0
DA:15,0
DA:17,2
DA:19,2
LF:8
LH:5
BRDA:13,0,0,0
BRF:1
BRH:0
end_of_record
